<?xml version="1.0" encoding="utf-8"?>
<!DOCTYPE coverage SYSTEM "http://cobertura.sourceforge.net/xml/coverage-04.dtd">
<coverage line-rate="0.7228070175438597" branch-rate="0.4032258064516129" lines-covered="206" lines-valid="285" branches-covered="25" branches-valid="62" complexity="94" version="0" timestamp="1621602456">
  <sources />
  <packages>
    <package name="Dto" line-rate="0.6574074074074074" branch-rate="0.4583333333333333" complexity="30">
      <classes>
        <class name="SampleDto" filename="/home/runner/work/SeungYongShim.ProtobufHelper/SeungYongShim.ProtobufHelper/src/Dto/obj/Debug/netcoreapp3.1/SampleDto.cs" line-rate="0.6145833333333334" branch-rate="0.4583333333333333" complexity="9">
          <methods>
            <method name="Parser" signature="()" line-rate="1" branch-rate="1" complexity="NaN">
              <lines>
                <line number="45" hits="3" branch="false" />
              </lines>
            </method>
            <method name="Descriptor" signature="()" line-rate="1" branch-rate="1" complexity="NaN">
              <lines>
                <line number="49" hits="30" branch="false" />
              </lines>
            </method>
            <method name="le.Protobuf.IMessage.get_Descriptor" signature="()" line-rate="1" branch-rate="1" complexity="NaN">
              <lines>
                <line number="54" hits="18" branch="false" />
              </lines>
            </method>
            <method name=".ctor" signature="()" line-rate="0.5555555555555556" branch-rate="1" complexity="NaN">
              <lines>
                <line number="58" hits="12" branch="false" />
                <line number="60" hits="6" branch="false" />
                <line number="65" hits="0" branch="false" />
                <line number="66" hits="0" branch="false" />
                <line number="67" hits="0" branch="false" />
                <line number="68" hits="0" branch="false" />
                <line number="69" hits="0" branch="false" />
                <line number="72" hits="0" branch="false" />
                <line number="73" hits="0" branch="false" />
                <line number="74" hits="0" branch="false" />
                <line number="78" hits="6" branch="false" />
                <line number="81" hits="36" branch="false" />
                <line number="82" hits="6" branch="false" />
                <line number="83" hits="6" branch="false" />
                <line number="84" hits="6" branch="false" />
                <line number="89" hits="1" branch="false" />
                <line number="90" hits="1" branch="false" />
                <line number="91" hits="6" branch="false" />
              </lines>
            </method>
            <method name=".ctor" signature="(SampleDto)" line-rate="0" branch-rate="1" complexity="NaN">
              <lines>
                <line number="65" hits="0" branch="false" />
                <line number="66" hits="0" branch="false" />
                <line number="67" hits="0" branch="false" />
                <line number="68" hits="0" branch="false" />
                <line number="69" hits="0" branch="false" />
              </lines>
            </method>
            <method name="Clone" signature="()" line-rate="0" branch-rate="1" complexity="1">
              <lines>
                <line number="72" hits="0" branch="false" />
                <line number="73" hits="0" branch="false" />
                <line number="74" hits="0" branch="false" />
              </lines>
            </method>
            <method name="ID" signature="()" line-rate="1" branch-rate="1" complexity="NaN">
              <lines>
                <line number="81" hits="36" branch="false" />
              </lines>
            </method>
            <method name="ID" signature="(System.String)" line-rate="1" branch-rate="1" complexity="NaN">
              <lines>
                <line number="82" hits="6" branch="false" />
                <line number="83" hits="6" branch="false" />
                <line number="84" hits="6" branch="false" />
              </lines>
            </method>
            <method name="Body" signature="()" line-rate="1" branch-rate="1" complexity="NaN">
              <lines>
                <line number="94" hits="6" branch="false" />
              </lines>
            </method>
            <method name="Equals" signature="(System.Object)" line-rate="1" branch-rate="1" complexity="NaN">
              <lines>
                <line number="98" hits="2" branch="false" />
                <line number="99" hits="2" branch="false" />
                <line number="100" hits="2" branch="false" />
              </lines>
            </method>
            <method name="Equals" signature="(SampleDto)" line-rate="0.7777777777777778" branch-rate="0.5" complexity="NaN">
              <lines>
                <line number="103" hits="2" branch="false" />
                <line number="104" hits="2" branch="false" />
                <line number="105" hits="0" branch="false" />
                <line number="107" hits="2" branch="true" condition-coverage="50% (1/2)" />
                <line number="108" hits="0" branch="false" />
                <line number="110" hits="2" branch="true" condition-coverage="50% (1/2)" />
                <line number="111" hits="2" branch="true" condition-coverage="50% (1/2)" />
                <line number="112" hits="2" branch="false" />
                <line number="113" hits="2" branch="false" />
              </lines>
            </method>
            <method name="GetHashCode" signature="()" line-rate="0" branch-rate="0" complexity="3">
              <lines>
                <line number="116" hits="0" branch="false" />
                <line number="117" hits="0" branch="false" />
                <line number="118" hits="0" branch="true" condition-coverage="0% (0/2)" />
                <line number="119" hits="0" branch="false" />
                <line number="120" hits="0" branch="true" condition-coverage="0% (0/2)" />
                <line number="121" hits="0" branch="false" />
                <line number="122" hits="0" branch="false" />
                <line number="123" hits="0" branch="false" />
                <line number="124" hits="0" branch="false" />
              </lines>
            </method>
            <method name="ToString" signature="()" line-rate="0" branch-rate="1" complexity="1">
              <lines>
                <line number="127" hits="0" branch="false" />
                <line number="128" hits="0" branch="false" />
                <line number="129" hits="0" branch="false" />
              </lines>
            </method>
            <method name="WriteTo" signature="(Google.Protobuf.CodedOutputStream)" line-rate="1" branch-rate="1" complexity="NaN">
              <lines>
                <line number="132" hits="2" branch="false" />
                <line number="134" hits="2" branch="false" />
                <line number="145" hits="2" branch="false" />
              </lines>
            </method>
            <method name="Google.Protobuf.IBufferMessage.InternalWriteTo" signature="(Google.Protobuf.WriteContext&amp;)" line-rate="0.8" branch-rate="0.5" complexity="NaN">
              <lines>
                <line number="149" hits="2" branch="false" />
                <line number="150" hits="4" branch="false" />
                <line number="151" hits="2" branch="false" />
                <line number="152" hits="2" branch="false" />
                <line number="153" hits="2" branch="false" />
                <line number="154" hits="2" branch="false" />
                <line number="155" hits="2" branch="true" condition-coverage="50% (1/2)" />
                <line number="156" hits="0" branch="false" />
                <line number="157" hits="0" branch="false" />
                <line number="158" hits="2" branch="false" />
              </lines>
            </method>
            <method name="CalculateSize" signature="()" line-rate="0.8181818181818182" branch-rate="0.5" complexity="3">
              <lines>
                <line number="162" hits="2" branch="false" />
                <line number="163" hits="2" branch="false" />
                <line number="164" hits="4" branch="true" condition-coverage="50% (1/2)" />
                <line number="165" hits="2" branch="false" />
                <line number="166" hits="2" branch="false" />
                <line number="167" hits="2" branch="false" />
                <line number="168" hits="2" branch="true" condition-coverage="50% (1/2)" />
                <line number="169" hits="0" branch="false" />
                <line number="170" hits="0" branch="false" />
                <line number="171" hits="2" branch="false" />
                <line number="172" hits="2" branch="false" />
              </lines>
            </method>
            <method name="MergeFrom" signature="(SampleDto)" line-rate="0" branch-rate="0" complexity="NaN">
              <lines>
                <line number="175" hits="0" branch="false" />
                <line number="176" hits="0" branch="false" />
                <line number="177" hits="0" branch="false" />
                <line number="179" hits="0" branch="true" condition-coverage="0% (0/2)" />
                <line number="180" hits="0" branch="false" />
                <line number="181" hits="0" branch="false" />
                <line number="182" hits="0" branch="false" />
                <line number="183" hits="0" branch="false" />
                <line number="184" hits="0" branch="false" />
              </lines>
            </method>
            <method name="MergeFrom" signature="(Google.Protobuf.CodedInputStream)" line-rate="1" branch-rate="1" complexity="NaN">
              <lines>
                <line number="187" hits="4" branch="false" />
                <line number="189" hits="4" branch="false" />
                <line number="208" hits="4" branch="false" />
              </lines>
            </method>
            <method name="Google.Protobuf.IBufferMessage.InternalMergeFrom" signature="(Google.Protobuf.ParseContext&amp;)" line-rate="0.8461538461538461" branch-rate="0.8333333333333334" complexity="NaN">
              <lines>
                <line number="212" hits="4" branch="false" />
                <line number="214" hits="20" branch="true" condition-coverage="100% (2/2)" />
                <line number="215" hits="8" branch="true" condition-coverage="75% (3/4)" />
                <line number="217" hits="0" branch="false" />
                <line number="218" hits="0" branch="false" />
                <line number="219" hits="4" branch="false" />
                <line number="220" hits="4" branch="false" />
                <line number="221" hits="4" branch="false" />
                <line number="223" hits="4" branch="false" />
                <line number="224" hits="4" branch="false" />
                <line number="225" hits="4" branch="false" />
                <line number="228" hits="8" branch="false" />
                <line number="229" hits="4" branch="false" />
              </lines>
            </method>
            <method name=".cctor" signature="()" line-rate="0.6190476190476191" branch-rate="1" complexity="1">
              <lines>
                <line number="42" hits="1" branch="false" />
                <line number="45" hits="3" branch="false" />
                <line number="49" hits="30" branch="false" />
                <line number="54" hits="18" branch="false" />
                <line number="58" hits="12" branch="false" />
                <line number="60" hits="6" branch="false" />
                <line number="65" hits="0" branch="false" />
                <line number="66" hits="0" branch="false" />
                <line number="67" hits="0" branch="false" />
                <line number="68" hits="0" branch="false" />
                <line number="69" hits="0" branch="false" />
                <line number="72" hits="0" branch="false" />
                <line number="73" hits="0" branch="false" />
                <line number="74" hits="0" branch="false" />
                <line number="78" hits="6" branch="false" />
                <line number="81" hits="36" branch="false" />
                <line number="82" hits="6" branch="false" />
                <line number="83" hits="6" branch="false" />
                <line number="84" hits="6" branch="false" />
                <line number="89" hits="1" branch="false" />
                <line number="90" hits="1" branch="false" />
              </lines>
            </method>
          </methods>
          <lines>
            <line number="42" hits="1" branch="false" />
            <line number="45" hits="3" branch="false" />
            <line number="49" hits="30" branch="false" />
            <line number="54" hits="18" branch="false" />
            <line number="58" hits="12" branch="false" />
            <line number="60" hits="6" branch="false" />
            <line number="65" hits="0" branch="false" />
            <line number="66" hits="0" branch="false" />
            <line number="67" hits="0" branch="false" />
            <line number="68" hits="0" branch="false" />
            <line number="69" hits="0" branch="false" />
            <line number="72" hits="0" branch="false" />
            <line number="73" hits="0" branch="false" />
            <line number="74" hits="0" branch="false" />
            <line number="78" hits="6" branch="false" />
            <line number="81" hits="36" branch="false" />
            <line number="82" hits="6" branch="false" />
            <line number="83" hits="6" branch="false" />
            <line number="84" hits="6" branch="false" />
            <line number="89" hits="1" branch="false" />
            <line number="90" hits="1" branch="false" />
            <line number="91" hits="6" branch="false" />
            <line number="94" hits="6" branch="false" />
            <line number="98" hits="2" branch="false" />
            <line number="99" hits="2" branch="false" />
            <line number="100" hits="2" branch="false" />
            <line number="103" hits="2" branch="false" />
            <line number="104" hits="2" branch="false" />
            <line number="105" hits="0" branch="false" />
            <line number="107" hits="2" branch="true" condition-coverage="50% (1/2)" />
            <line number="108" hits="0" branch="false" />
            <line number="110" hits="2" branch="true" condition-coverage="50% (1/2)" />
            <line number="111" hits="2" branch="true" condition-coverage="50% (1/2)" />
            <line number="112" hits="2" branch="false" />
            <line number="113" hits="2" branch="false" />
            <line number="116" hits="0" branch="false" />
            <line number="117" hits="0" branch="false" />
            <line number="118" hits="0" branch="true" condition-coverage="0% (0/2)" />
            <line number="119" hits="0" branch="false" />
            <line number="120" hits="0" branch="true" condition-coverage="0% (0/2)" />
            <line number="121" hits="0" branch="false" />
            <line number="122" hits="0" branch="false" />
            <line number="123" hits="0" branch="false" />
            <line number="124" hits="0" branch="false" />
            <line number="127" hits="0" branch="false" />
            <line number="128" hits="0" branch="false" />
            <line number="129" hits="0" branch="false" />
            <line number="132" hits="2" branch="false" />
            <line number="134" hits="2" branch="false" />
            <line number="145" hits="2" branch="false" />
            <line number="149" hits="2" branch="false" />
            <line number="150" hits="4" branch="false" />
            <line number="151" hits="2" branch="false" />
            <line number="152" hits="2" branch="false" />
            <line number="153" hits="2" branch="false" />
            <line number="154" hits="2" branch="false" />
            <line number="155" hits="2" branch="true" condition-coverage="50% (1/2)" />
            <line number="156" hits="0" branch="false" />
            <line number="157" hits="0" branch="false" />
            <line number="158" hits="2" branch="false" />
            <line number="162" hits="2" branch="false" />
            <line number="163" hits="2" branch="false" />
            <line number="164" hits="4" branch="true" condition-coverage="50% (1/2)" />
            <line number="165" hits="2" branch="false" />
            <line number="166" hits="2" branch="false" />
            <line number="167" hits="2" branch="false" />
            <line number="168" hits="2" branch="true" condition-coverage="50% (1/2)" />
            <line number="169" hits="0" branch="false" />
            <line number="170" hits="0" branch="false" />
            <line number="171" hits="2" branch="false" />
            <line number="172" hits="2" branch="false" />
            <line number="175" hits="0" branch="false" />
            <line number="176" hits="0" branch="false" />
            <line number="177" hits="0" branch="false" />
            <line number="179" hits="0" branch="true" condition-coverage="0% (0/2)" />
            <line number="180" hits="0" branch="false" />
            <line number="181" hits="0" branch="false" />
            <line number="182" hits="0" branch="false" />
            <line number="183" hits="0" branch="false" />
            <line number="184" hits="0" branch="false" />
            <line number="187" hits="4" branch="false" />
            <line number="189" hits="4" branch="false" />
            <line number="208" hits="4" branch="false" />
            <line number="212" hits="4" branch="false" />
            <line number="214" hits="20" branch="true" condition-coverage="100% (2/2)" />
            <line number="215" hits="8" branch="true" condition-coverage="75% (3/4)" />
            <line number="217" hits="0" branch="false" />
            <line number="218" hits="0" branch="false" />
            <line number="219" hits="4" branch="false" />
            <line number="220" hits="4" branch="false" />
            <line number="221" hits="4" branch="false" />
            <line number="223" hits="4" branch="false" />
            <line number="224" hits="4" branch="false" />
            <line number="225" hits="4" branch="false" />
            <line number="228" hits="8" branch="false" />
            <line number="229" hits="4" branch="false" />
          </lines>
        </class>
        <class name="SampleDtoReflection" filename="/home/runner/work/SeungYongShim.ProtobufHelper/SeungYongShim.ProtobufHelper/src/Dto/obj/Debug/netcoreapp3.1/SampleDto.cs" line-rate="1" branch-rate="1" complexity="1">
          <methods>
            <method name="Descriptor" signature="()" line-rate="1" branch-rate="1" complexity="NaN">
              <lines>
                <line number="18" hits="30" branch="false" />
              </lines>
            </method>
            <method name=".cctor" signature="()" line-rate="1" branch-rate="1" complexity="1">
              <lines>
                <line number="22" hits="1" branch="false" />
                <line number="23" hits="1" branch="false" />
                <line number="24" hits="1" branch="false" />
                <line number="25" hits="1" branch="false" />
                <line number="26" hits="1" branch="false" />
                <line number="27" hits="1" branch="false" />
                <line number="28" hits="1" branch="false" />
                <line number="29" hits="1" branch="false" />
                <line number="30" hits="1" branch="false" />
                <line number="31" hits="1" branch="false" />
                <line number="32" hits="1" branch="false" />
              </lines>
            </method>
          </methods>
          <lines>
            <line number="18" hits="30" branch="false" />
            <line number="22" hits="1" branch="false" />
            <line number="23" hits="1" branch="false" />
            <line number="24" hits="1" branch="false" />
            <line number="25" hits="1" branch="false" />
            <line number="26" hits="1" branch="false" />
            <line number="27" hits="1" branch="false" />
            <line number="28" hits="1" branch="false" />
            <line number="29" hits="1" branch="false" />
            <line number="30" hits="1" branch="false" />
            <line number="31" hits="1" branch="false" />
            <line number="32" hits="1" branch="false" />
          </lines>
        </class>
      </classes>
    </package>
    <package name="DtoSample" line-rate="0.6557377049180327" branch-rate="0.3888888888888889" complexity="38">
      <classes>
        <class name="CommandReflection" filename="/home/runner/work/SeungYongShim.ProtobufHelper/SeungYongShim.ProtobufHelper/src/DtoSample/obj/Debug/net5.0/Command.cs" line-rate="1" branch-rate="1" complexity="1">
          <methods>
            <method name="Descriptor" signature="()" line-rate="1" branch-rate="1" complexity="NaN">
              <lines>
                <line number="18" hits="21" branch="false" />
              </lines>
            </method>
            <method name=".cctor" signature="()" line-rate="1" branch-rate="1" complexity="1">
              <lines>
                <line number="22" hits="1" branch="false" />
                <line number="23" hits="1" branch="false" />
                <line number="24" hits="1" branch="false" />
                <line number="25" hits="1" branch="false" />
                <line number="26" hits="1" branch="false" />
                <line number="27" hits="1" branch="false" />
                <line number="28" hits="1" branch="false" />
                <line number="29" hits="1" branch="false" />
                <line number="30" hits="1" branch="false" />
                <line number="31" hits="1" branch="false" />
                <line number="32" hits="1" branch="false" />
                <line number="33" hits="1" branch="false" />
              </lines>
            </method>
          </methods>
          <lines>
            <line number="18" hits="21" branch="false" />
            <line number="22" hits="1" branch="false" />
            <line number="23" hits="1" branch="false" />
            <line number="24" hits="1" branch="false" />
            <line number="25" hits="1" branch="false" />
            <line number="26" hits="1" branch="false" />
            <line number="27" hits="1" branch="false" />
            <line number="28" hits="1" branch="false" />
            <line number="29" hits="1" branch="false" />
            <line number="30" hits="1" branch="false" />
            <line number="31" hits="1" branch="false" />
            <line number="32" hits="1" branch="false" />
            <line number="33" hits="1" branch="false" />
          </lines>
        </class>
        <class name="KafkaCommand" filename="/home/runner/work/SeungYongShim.ProtobufHelper/SeungYongShim.ProtobufHelper/src/DtoSample/obj/Debug/net5.0/Command.cs" line-rate="0.6146788990825688" branch-rate="0.3888888888888889" complexity="11">
          <methods>
            <method name="Parser" signature="()" line-rate="1" branch-rate="1" complexity="NaN">
              <lines>
                <line number="46" hits="3" branch="false" />
              </lines>
            </method>
            <method name="Descriptor" signature="()" line-rate="1" branch-rate="1" complexity="NaN">
              <lines>
                <line number="50" hits="21" branch="false" />
              </lines>
            </method>
            <method name="le.Protobuf.IMessage.get_Descriptor" signature="()" line-rate="1" branch-rate="1" complexity="NaN">
              <lines>
                <line number="55" hits="9" branch="false" />
              </lines>
            </method>
            <method name=".ctor" signature="()" line-rate="0.2727272727272727" branch-rate="1" complexity="NaN">
              <lines>
                <line number="59" hits="6" branch="false" />
                <line number="61" hits="3" branch="false" />
                <line number="66" hits="0" branch="false" />
                <line number="67" hits="0" branch="false" />
                <line number="68" hits="0" branch="false" />
                <line number="69" hits="0" branch="false" />
                <line number="70" hits="0" branch="false" />
                <line number="73" hits="0" branch="false" />
                <line number="74" hits="0" branch="false" />
                <line number="75" hits="0" branch="false" />
                <line number="79" hits="3" branch="false" />
              </lines>
            </method>
            <method name=".ctor" signature="(KafkaCommand)" line-rate="0" branch-rate="1" complexity="NaN">
              <lines>
                <line number="66" hits="0" branch="false" />
                <line number="67" hits="0" branch="false" />
                <line number="68" hits="0" branch="false" />
                <line number="69" hits="0" branch="false" />
                <line number="70" hits="0" branch="false" />
              </lines>
            </method>
            <method name="Clone" signature="()" line-rate="0" branch-rate="1" complexity="1">
              <lines>
                <line number="73" hits="0" branch="false" />
                <line number="74" hits="0" branch="false" />
                <line number="75" hits="0" branch="false" />
              </lines>
            </method>
            <method name="TraceId" signature="()" line-rate="1" branch-rate="1" complexity="NaN">
              <lines>
                <line number="82" hits="18" branch="false" />
              </lines>
            </method>
            <method name="TraceId" signature="(System.String)" line-rate="1" branch-rate="1" complexity="NaN">
              <lines>
                <line number="83" hits="3" branch="false" />
                <line number="84" hits="3" branch="false" />
                <line number="85" hits="3" branch="false" />
              </lines>
            </method>
            <method name="Body" signature="()" line-rate="1" branch-rate="1" complexity="NaN">
              <lines>
                <line number="93" hits="24" branch="false" />
              </lines>
            </method>
            <method name="Body" signature="(Google.Protobuf.WellKnownTypes.Any)" line-rate="1" branch-rate="1" complexity="NaN">
              <lines>
                <line number="94" hits="3" branch="false" />
                <line number="95" hits="3" branch="false" />
                <line number="96" hits="3" branch="false" />
              </lines>
            </method>
            <method name="Equals" signature="(System.Object)" line-rate="1" branch-rate="1" complexity="NaN">
              <lines>
                <line number="100" hits="1" branch="false" />
                <line number="101" hits="1" branch="false" />
                <line number="102" hits="1" branch="false" />
              </lines>
            </method>
            <method name="Equals" signature="(KafkaCommand)" line-rate="0.7777777777777778" branch-rate="0.5" complexity="NaN">
              <lines>
                <line number="105" hits="1" branch="false" />
                <line number="106" hits="1" branch="false" />
                <line number="107" hits="0" branch="false" />
                <line number="109" hits="1" branch="true" condition-coverage="50% (1/2)" />
                <line number="110" hits="0" branch="false" />
                <line number="112" hits="1" branch="true" condition-coverage="50% (1/2)" />
                <line number="113" hits="1" branch="true" condition-coverage="50% (1/2)" />
                <line number="114" hits="1" branch="false" />
                <line number="115" hits="1" branch="false" />
              </lines>
            </method>
            <method name="GetHashCode" signature="()" line-rate="0" branch-rate="0" complexity="4">
              <lines>
                <line number="118" hits="0" branch="false" />
                <line number="119" hits="0" branch="false" />
                <line number="120" hits="0" branch="true" condition-coverage="0% (0/2)" />
                <line number="121" hits="0" branch="true" condition-coverage="0% (0/2)" />
                <line number="122" hits="0" branch="true" condition-coverage="0% (0/2)" />
                <line number="123" hits="0" branch="false" />
                <line number="124" hits="0" branch="false" />
                <line number="125" hits="0" branch="false" />
                <line number="126" hits="0" branch="false" />
              </lines>
            </method>
            <method name="ToString" signature="()" line-rate="0" branch-rate="1" complexity="1">
              <lines>
                <line number="129" hits="0" branch="false" />
                <line number="130" hits="0" branch="false" />
                <line number="131" hits="0" branch="false" />
              </lines>
            </method>
            <method name="WriteTo" signature="(Google.Protobuf.CodedOutputStream)" line-rate="1" branch-rate="1" complexity="NaN">
              <lines>
                <line number="134" hits="1" branch="false" />
                <line number="136" hits="1" branch="false" />
                <line number="150" hits="1" branch="false" />
              </lines>
            </method>
            <method name="Google.Protobuf.IBufferMessage.InternalWriteTo" signature="(Google.Protobuf.WriteContext&amp;)" line-rate="0.8461538461538461" branch-rate="0.5" complexity="NaN">
              <lines>
                <line number="154" hits="1" branch="false" />
                <line number="155" hits="2" branch="false" />
                <line number="156" hits="1" branch="false" />
                <line number="157" hits="1" branch="false" />
                <line number="158" hits="1" branch="false" />
                <line number="159" hits="2" branch="true" condition-coverage="50% (1/2)" />
                <line number="160" hits="1" branch="false" />
                <line number="161" hits="1" branch="false" />
                <line number="162" hits="1" branch="false" />
                <line number="163" hits="1" branch="true" condition-coverage="50% (1/2)" />
                <line number="164" hits="0" branch="false" />
                <line number="165" hits="0" branch="false" />
                <line number="166" hits="1" branch="false" />
              </lines>
            </method>
            <method name="CalculateSize" signature="()" line-rate="0.8461538461538461" branch-rate="0.5" complexity="4">
              <lines>
                <line number="170" hits="1" branch="false" />
                <line number="171" hits="1" branch="false" />
                <line number="172" hits="2" branch="true" condition-coverage="50% (1/2)" />
                <line number="173" hits="1" branch="false" />
                <line number="174" hits="1" branch="false" />
                <line number="175" hits="2" branch="true" condition-coverage="50% (1/2)" />
                <line number="176" hits="1" branch="false" />
                <line number="177" hits="1" branch="false" />
                <line number="178" hits="1" branch="true" condition-coverage="50% (1/2)" />
                <line number="179" hits="0" branch="false" />
                <line number="180" hits="0" branch="false" />
                <line number="181" hits="1" branch="false" />
                <line number="182" hits="1" branch="false" />
              </lines>
            </method>
            <method name="MergeFrom" signature="(KafkaCommand)" line-rate="0" branch-rate="0" complexity="NaN">
              <lines>
                <line number="185" hits="0" branch="false" />
                <line number="186" hits="0" branch="false" />
                <line number="187" hits="0" branch="false" />
                <line number="189" hits="0" branch="true" condition-coverage="0% (0/2)" />
                <line number="190" hits="0" branch="false" />
                <line number="191" hits="0" branch="false" />
                <line number="192" hits="0" branch="true" condition-coverage="0% (0/2)" />
                <line number="193" hits="0" branch="true" condition-coverage="0% (0/2)" />
                <line number="194" hits="0" branch="false" />
                <line number="195" hits="0" branch="false" />
                <line number="196" hits="0" branch="false" />
                <line number="197" hits="0" branch="false" />
                <line number="198" hits="0" branch="false" />
                <line number="199" hits="0" branch="false" />
              </lines>
            </method>
            <method name="MergeFrom" signature="(Google.Protobuf.CodedInputStream)" line-rate="1" branch-rate="1" complexity="NaN">
              <lines>
                <line number="202" hits="2" branch="false" />
                <line number="204" hits="2" branch="false" />
                <line number="226" hits="2" branch="false" />
              </lines>
            </method>
            <method name="Google.Protobuf.IBufferMessage.InternalMergeFrom" signature="(Google.Protobuf.ParseContext&amp;)" line-rate="0.875" branch-rate="0.75" complexity="NaN">
              <lines>
                <line number="230" hits="2" branch="false" />
                <line number="232" hits="10" branch="true" condition-coverage="100% (2/2)" />
                <line number="233" hits="4" branch="true" condition-coverage="75% (3/4)" />
                <line number="235" hits="0" branch="false" />
                <line number="236" hits="0" branch="false" />
                <line number="237" hits="2" branch="false" />
                <line number="238" hits="2" branch="false" />
                <line number="239" hits="2" branch="false" />
                <line number="241" hits="2" branch="false" />
                <line number="242" hits="4" branch="true" condition-coverage="50% (1/2)" />
                <line number="243" hits="2" branch="false" />
                <line number="244" hits="2" branch="false" />
                <line number="245" hits="2" branch="false" />
                <line number="246" hits="2" branch="false" />
                <line number="249" hits="4" branch="false" />
                <line number="250" hits="2" branch="false" />
              </lines>
            </method>
            <method name=".cctor" signature="()" line-rate="1" branch-rate="1" complexity="1">
              <lines>
                <line number="43" hits="1" branch="false" />
              </lines>
            </method>
          </methods>
          <lines>
            <line number="43" hits="1" branch="false" />
            <line number="46" hits="3" branch="false" />
            <line number="50" hits="21" branch="false" />
            <line number="55" hits="9" branch="false" />
            <line number="59" hits="6" branch="false" />
            <line number="61" hits="3" branch="false" />
            <line number="66" hits="0" branch="false" />
            <line number="67" hits="0" branch="false" />
            <line number="68" hits="0" branch="false" />
            <line number="69" hits="0" branch="false" />
            <line number="70" hits="0" branch="false" />
            <line number="73" hits="0" branch="false" />
            <line number="74" hits="0" branch="false" />
            <line number="75" hits="0" branch="false" />
            <line number="79" hits="3" branch="false" />
            <line number="82" hits="18" branch="false" />
            <line number="83" hits="3" branch="false" />
            <line number="84" hits="3" branch="false" />
            <line number="85" hits="3" branch="false" />
            <line number="93" hits="24" branch="false" />
            <line number="94" hits="3" branch="false" />
            <line number="95" hits="3" branch="false" />
            <line number="96" hits="3" branch="false" />
            <line number="100" hits="1" branch="false" />
            <line number="101" hits="1" branch="false" />
            <line number="102" hits="1" branch="false" />
            <line number="105" hits="1" branch="false" />
            <line number="106" hits="1" branch="false" />
            <line number="107" hits="0" branch="false" />
            <line number="109" hits="1" branch="true" condition-coverage="50% (1/2)" />
            <line number="110" hits="0" branch="false" />
            <line number="112" hits="1" branch="true" condition-coverage="50% (1/2)" />
            <line number="113" hits="1" branch="true" condition-coverage="50% (1/2)" />
            <line number="114" hits="1" branch="false" />
            <line number="115" hits="1" branch="false" />
            <line number="118" hits="0" branch="false" />
            <line number="119" hits="0" branch="false" />
            <line number="120" hits="0" branch="true" condition-coverage="0% (0/2)" />
            <line number="121" hits="0" branch="true" condition-coverage="0% (0/2)" />
            <line number="122" hits="0" branch="true" condition-coverage="0% (0/2)" />
            <line number="123" hits="0" branch="false" />
            <line number="124" hits="0" branch="false" />
            <line number="125" hits="0" branch="false" />
            <line number="126" hits="0" branch="false" />
            <line number="129" hits="0" branch="false" />
            <line number="130" hits="0" branch="false" />
            <line number="131" hits="0" branch="false" />
            <line number="134" hits="1" branch="false" />
            <line number="136" hits="1" branch="false" />
            <line number="150" hits="1" branch="false" />
            <line number="154" hits="1" branch="false" />
            <line number="155" hits="2" branch="false" />
            <line number="156" hits="1" branch="false" />
            <line number="157" hits="1" branch="false" />
            <line number="158" hits="1" branch="false" />
            <line number="159" hits="2" branch="true" condition-coverage="50% (1/2)" />
            <line number="160" hits="1" branch="false" />
            <line number="161" hits="1" branch="false" />
            <line number="162" hits="1" branch="false" />
            <line number="163" hits="1" branch="true" condition-coverage="50% (1/2)" />
            <line number="164" hits="0" branch="false" />
            <line number="165" hits="0" branch="false" />
            <line number="166" hits="1" branch="false" />
            <line number="170" hits="1" branch="false" />
            <line number="171" hits="1" branch="false" />
            <line number="172" hits="2" branch="true" condition-coverage="50% (1/2)" />
            <line number="173" hits="1" branch="false" />
            <line number="174" hits="1" branch="false" />
            <line number="175" hits="2" branch="true" condition-coverage="50% (1/2)" />
            <line number="176" hits="1" branch="false" />
            <line number="177" hits="1" branch="false" />
            <line number="178" hits="1" branch="true" condition-coverage="50% (1/2)" />
            <line number="179" hits="0" branch="false" />
            <line number="180" hits="0" branch="false" />
            <line number="181" hits="1" branch="false" />
            <line number="182" hits="1" branch="false" />
            <line number="185" hits="0" branch="false" />
            <line number="186" hits="0" branch="false" />
            <line number="187" hits="0" branch="false" />
            <line number="189" hits="0" branch="true" condition-coverage="0% (0/2)" />
            <line number="190" hits="0" branch="false" />
            <line number="191" hits="0" branch="false" />
            <line number="192" hits="0" branch="true" condition-coverage="0% (0/2)" />
            <line number="193" hits="0" branch="true" condition-coverage="0% (0/2)" />
            <line number="194" hits="0" branch="false" />
            <line number="195" hits="0" branch="false" />
            <line number="196" hits="0" branch="false" />
            <line number="197" hits="0" branch="false" />
            <line number="198" hits="0" branch="false" />
            <line number="199" hits="0" branch="false" />
            <line number="202" hits="2" branch="false" />
            <line number="204" hits="2" branch="false" />
            <line number="226" hits="2" branch="false" />
            <line number="230" hits="2" branch="false" />
            <line number="232" hits="10" branch="true" condition-coverage="100% (2/2)" />
            <line number="233" hits="4" branch="true" condition-coverage="75% (3/4)" />
            <line number="235" hits="0" branch="false" />
            <line number="236" hits="0" branch="false" />
            <line number="237" hits="2" branch="false" />
            <line number="238" hits="2" branch="false" />
            <line number="239" hits="2" branch="false" />
            <line number="241" hits="2" branch="false" />
            <line number="242" hits="4" branch="true" condition-coverage="50% (1/2)" />
            <line number="243" hits="2" branch="false" />
            <line number="244" hits="2" branch="false" />
            <line number="245" hits="2" branch="false" />
            <line number="246" hits="2" branch="false" />
            <line number="249" hits="4" branch="false" />
            <line number="250" hits="2" branch="false" />
          </lines>
        </class>
      </classes>
    </package>
    <package name="SeungYongShim.ProtobufHelper" line-rate="1" branch-rate="0" complexity="26">
      <classes>
        <class name="SeungYongShim.ProtobufHelper.AnyJson" filename="/home/runner/work/SeungYongShim.ProtobufHelper/SeungYongShim.ProtobufHelper/src/SeungYongShim.ProtobufHelper/AnyJson.cs" line-rate="1" branch-rate="1" complexity="1">
          <methods>
            <method name="ToAny" signature="()" line-rate="1" branch-rate="1" complexity="1">
              <lines>
                <line number="15" hits="2" branch="false" />
                <line number="16" hits="2" branch="false" />
                <line number="17" hits="2" branch="false" />
                <line number="18" hits="2" branch="false" />
                <line number="19" hits="2" branch="false" />
              </lines>
            </method>
          </methods>
          <lines>
            <line number="15" hits="2" branch="false" />
            <line number="16" hits="2" branch="false" />
            <line number="17" hits="2" branch="false" />
            <line number="18" hits="2" branch="false" />
            <line number="19" hits="2" branch="false" />
          </lines>
        </class>
        <class name="SeungYongShim.ProtobufHelper.FuntionalHelper" filename="/home/runner/work/SeungYongShim.ProtobufHelper/SeungYongShim.ProtobufHelper/src/SeungYongShim.ProtobufHelper/FuntionalHelper.cs" line-rate="1" branch-rate="1" complexity="NaN">
          <methods>
            <method name="fun" signature="(System.Func`2&lt;T1,R&gt;)" line-rate="1" branch-rate="1" complexity="NaN">
              <lines>
                <line number="7" hits="200" branch="false" />
              </lines>
            </method>
          </methods>
          <lines>
            <line number="7" hits="200" branch="false" />
          </lines>
        </class>
        <class name="SeungYongShim.ProtobufHelper.ProtoKnownTypes" filename="/home/runner/work/SeungYongShim.ProtobufHelper/SeungYongShim.ProtobufHelper/src/SeungYongShim.ProtobufHelper/ProtoKnownTypes.cs" line-rate="1" branch-rate="0" complexity="NaN">
          <methods>
            <method name=".ctor" signature="(System.String[])" line-rate="1" branch-rate="0" complexity="NaN">
              <lines>
                <line number="17" hits="2" branch="false" />
                <line number="18" hits="2" branch="false" />
                <line number="19" hits="438" branch="false" />
                <line number="20" hits="434" branch="false" />
                <line number="21" hits="434" branch="true" condition-coverage="0% (0/2)" />
                <line number="22" hits="434" branch="false" />
                <line number="23" hits="434" branch="false" />
                <line number="24" hits="434" branch="false" />
                <line number="25" hits="434" branch="false" />
                <line number="26" hits="434" branch="false" />
                <line number="27" hits="434" branch="false" />
                <line number="28" hits="2" branch="false" />
                <line number="29" hits="2" branch="false" />
              </lines>
            </method>
            <method name=".ctor" signature="(System.Collections.Generic.IEnumerable`1&lt;System.Reflection.Assembly&gt;)" line-rate="1" branch-rate="1" complexity="NaN">
              <lines>
                <line number="31" hits="2" branch="false" />
                <line number="32" hits="2" branch="false" />
                <line number="33" hits="2" branch="false" />
                <line number="34" hits="2" branch="false" />
                <line number="35" hits="34664" branch="false" />
                <line number="36" hits="34236" branch="false" />
                <line number="37" hits="212" branch="false" />
                <line number="38" hits="202" branch="false" />
                <line number="40" hits="2" branch="false" />
                <line number="41" hits="2" branch="false" />
                <line number="42" hits="202" branch="false" />
                <line number="43" hits="202" branch="false" />
                <line number="44" hits="202" branch="false" />
                <line number="46" hits="2" branch="false" />
                <line number="47" hits="2" branch="false" />
                <line number="48" hits="2" branch="false" />
                <line number="50" hits="2" branch="false" />
                <line number="51" hits="2" branch="false" />
                <line number="52" hits="202" branch="false" />
                <line number="53" hits="202" branch="false" />
                <line number="55" hits="206" branch="false" />
                <line number="56" hits="402" branch="false" />
                <line number="58" hits="2" branch="false" />
                <line number="59" hits="2" branch="false" />
              </lines>
            </method>
            <method name="GetAssemblies" signature="(System.Collections.Generic.IEnumerable`1&lt;System.String&gt;)" line-rate="1" branch-rate="1" complexity="NaN">
              <lines>
                <line number="62" hits="2" branch="false" />
                <line number="63" hits="4" branch="false" />
                <line number="64" hits="6" branch="false" />
              </lines>
            </method>
            <method name="GetDescriptorFullName" signature="(System.Type)" line-rate="1" branch-rate="1" complexity="NaN">
              <lines>
                <line number="67" hits="200" branch="false" />
                <line number="68" hits="200" branch="false" />
                <line number="69" hits="200" branch="false" />
                <line number="70" hits="200" branch="false" />
              </lines>
            </method>
            <method name="Unpack" signature="(Google.Protobuf.WellKnownTypes.Any)" line-rate="1" branch-rate="1" complexity="NaN">
              <lines>
                <line number="72" hits="4" branch="false" />
              </lines>
            </method>
          </methods>
          <lines>
            <line number="17" hits="2" branch="false" />
            <line number="18" hits="2" branch="false" />
            <line number="19" hits="438" branch="false" />
            <line number="20" hits="434" branch="false" />
            <line number="21" hits="434" branch="true" condition-coverage="0% (0/2)" />
            <line number="22" hits="434" branch="false" />
            <line number="23" hits="434" branch="false" />
            <line number="24" hits="434" branch="false" />
            <line number="25" hits="434" branch="false" />
            <line number="26" hits="434" branch="false" />
            <line number="27" hits="434" branch="false" />
            <line number="28" hits="2" branch="false" />
            <line number="29" hits="2" branch="false" />
            <line number="31" hits="2" branch="false" />
            <line number="32" hits="2" branch="false" />
            <line number="33" hits="2" branch="false" />
            <line number="34" hits="2" branch="false" />
            <line number="35" hits="34664" branch="false" />
            <line number="36" hits="34236" branch="false" />
            <line number="37" hits="212" branch="false" />
            <line number="38" hits="202" branch="false" />
            <line number="40" hits="2" branch="false" />
            <line number="41" hits="2" branch="false" />
            <line number="42" hits="202" branch="false" />
            <line number="43" hits="202" branch="false" />
            <line number="44" hits="202" branch="false" />
            <line number="46" hits="2" branch="false" />
            <line number="47" hits="2" branch="false" />
            <line number="48" hits="2" branch="false" />
            <line number="50" hits="2" branch="false" />
            <line number="51" hits="2" branch="false" />
            <line number="52" hits="202" branch="false" />
            <line number="53" hits="202" branch="false" />
            <line number="55" hits="206" branch="false" />
            <line number="56" hits="402" branch="false" />
            <line number="58" hits="2" branch="false" />
            <line number="59" hits="2" branch="false" />
            <line number="62" hits="2" branch="false" />
            <line number="63" hits="4" branch="false" />
            <line number="64" hits="6" branch="false" />
            <line number="67" hits="200" branch="false" />
            <line number="68" hits="200" branch="false" />
            <line number="69" hits="200" branch="false" />
            <line number="70" hits="200" branch="false" />
            <line number="72" hits="4" branch="false" />
          </lines>
        </class>
        <class name="SeungYongShim.ProtobufHelper.RepeatExtension" filename="/home/runner/work/SeungYongShim.ProtobufHelper/SeungYongShim.ProtobufHelper/src/SeungYongShim.ProtobufHelper/RepeatExtension.cs" line-rate="1" branch-rate="1" complexity="NaN">
          <methods>
            <method name="Select" signature="(T,System.Action`1&lt;T&gt;)" line-rate="1" branch-rate="1" complexity="NaN">
              <lines>
                <line number="9" hits="2" branch="false" />
                <line number="10" hits="2" branch="false" />
                <line number="11" hits="2" branch="false" />
                <line number="12" hits="2" branch="false" />
              </lines>
            </method>
          </methods>
          <lines>
            <line number="9" hits="2" branch="false" />
            <line number="10" hits="2" branch="false" />
            <line number="11" hits="2" branch="false" />
            <line number="12" hits="2" branch="false" />
          </lines>
        </class>
      </classes>
    </package>
  </packages>
</coverage>